\BOOKMARK [1][-]{section.1}{\376\377\0001\000\040\000O\000v\000e\000r\000v\000i\000e\000w}{}% 1
\BOOKMARK [1][-]{section.2}{\376\377\0002\000\040\000W\000h\000a\000t\000'\000s\000\040\000N\000e\000w\000\040\000i\000n\000\040\000v\0001\000.\0000}{}% 2
\BOOKMARK [1][-]{section.3}{\376\377\0003\000\040\000I\000n\000s\000t\000a\000l\000l\000a\000t\000i\000o\000n}{}% 3
\BOOKMARK [2][-]{subsection.3.1}{\376\377\0003\000.\0001\000\040\000S\000y\000s\000t\000e\000m\000\040\000R\000e\000q\000u\000i\000r\000e\000m\000e\000n\000t\000s}{section.3}% 4
\BOOKMARK [2][-]{subsection.3.2}{\376\377\0003\000.\0002\000\040\000S\000e\000t\000u\000p\000\040\000S\000t\000e\000p\000s}{section.3}% 5
\BOOKMARK [1][-]{section.4}{\376\377\0004\000\040\000U\000s\000e\000r\000\040\000I\000n\000t\000e\000r\000f\000a\000c\000e}{}% 6
\BOOKMARK [2][-]{subsubsection.4.0.1}{\376\377\0004\000.\0000\000.\0001\000\040\000H\000o\000w\000\040\000t\000o\000\040\000U\000s\000e\000\040\000t\000h\000e\000\040\000M\000a\000i\000n\000\040\000W\000i\000n\000d\000o\000w}{section.4}% 7
\BOOKMARK [2][-]{subsection.4.1}{\376\377\0004\000.\0001\000\040\000H\000e\000a\000d\000e\000r\000\040\000B\000a\000r}{section.4}% 8
\BOOKMARK [3][-]{subsubsection.4.1.1}{\376\377\0004\000.\0001\000.\0001\000\040\000U\000n\000d\000e\000r\000s\000t\000a\000n\000d\000i\000n\000g\000\040\000t\000h\000e\000\040\000T\000o\000o\000l\000b\000a\000r\000\040\000B\000u\000t\000t\000o\000n\000s}{subsection.4.1}% 9
\BOOKMARK [2][-]{subsection.4.2}{\376\377\0004\000.\0002\000\040\000Y\000e\000a\000r\000\040\000C\000a\000r\000d\000s}{section.4}% 10
\BOOKMARK [3][-]{subsubsection.4.2.1}{\376\377\0004\000.\0002\000.\0001\000\040\000H\000o\000w\000\040\000t\000o\000\040\000S\000e\000l\000e\000c\000t\000\040\000M\000o\000n\000t\000h\000s}{subsection.4.2}% 11
\BOOKMARK [3][-]{subsubsection.4.2.2}{\376\377\0004\000.\0002\000.\0002\000\040\000W\000o\000r\000k\000i\000n\000g\000\040\000w\000i\000t\000h\000\040\000M\000u\000l\000t\000i\000p\000l\000e\000\040\000Y\000e\000a\000r\000s}{subsection.4.2}% 12
\BOOKMARK [2][-]{subsection.4.3}{\376\377\0004\000.\0003\000\040\000L\000o\000g\000\040\000P\000a\000n\000e\000l}{section.4}% 13
\BOOKMARK [1][-]{section.5}{\376\377\0005\000\040\000L\000o\000a\000d\000i\000n\000g\000\040\000F\000i\000l\000e\000s}{}% 14
\BOOKMARK [2][-]{subsection.5.1}{\376\377\0005\000.\0001\000\040\000S\000e\000l\000e\000c\000t\000i\000n\000g\000\040\000P\000e\000r\000i\000o\000d\000s}{section.5}% 15
\BOOKMARK [1][-]{section.6}{\376\377\0006\000\040\000M\000a\000p\000p\000i\000n\000g\000\040\000C\000a\000r\000d\000s}{}% 16
\BOOKMARK [2][-]{subsection.6.1}{\376\377\0006\000.\0001\000\040\000W\000h\000a\000t\000\040\000i\000s\000\040\000a\000\040\000M\000a\000p\000p\000i\000n\000g\000\040\000C\000a\000r\000d\000?}{section.6}% 17
\BOOKMARK [2][-]{subsection.6.2}{\376\377\0006\000.\0002\000\040\000M\000a\000p\000p\000i\000n\000g\000\040\000C\000a\000r\000d\000\040\000B\000u\000t\000t\000o\000n\000s}{section.6}% 18
\BOOKMARK [3][-]{subsubsection.6.2.1}{\376\377\0006\000.\0002\000.\0001\000\040\000U\000n\000d\000e\000r\000s\000t\000a\000n\000d\000i\000n\000g\000\040\000M\000a\000p\000p\000i\000n\000g\000\040\000C\000a\000r\000d\000s}{subsection.6.2}% 19
\BOOKMARK [3][-]{subsubsection.6.2.2}{\376\377\0006\000.\0002\000.\0002\000\040\000W\000o\000r\000k\000i\000n\000g\000\040\000w\000i\000t\000h\000\040\000M\000a\000p\000p\000i\000n\000g\000\040\000C\000a\000r\000d\000\040\000C\000o\000n\000t\000r\000o\000l\000s}{subsection.6.2}% 20
\BOOKMARK [2][-]{subsection.6.3}{\376\377\0006\000.\0003\000\040\000I\000g\000n\000o\000r\000e\000\040\000R\000o\000w\000s\000\040\000D\000i\000a\000l\000o\000g}{section.6}% 21
\BOOKMARK [3][-]{subsubsection.6.3.1}{\376\377\0006\000.\0003\000.\0001\000\040\000U\000s\000i\000n\000g\000\040\000t\000h\000e\000\040\000I\000g\000n\000o\000r\000e\000\040\000R\000o\000w\000s\000\040\000D\000i\000a\000l\000o\000g}{subsection.6.3}% 22
\BOOKMARK [1][-]{section.7}{\376\377\0007\000\040\000E\000x\000e\000c\000u\000t\000e\000\040\000A\000l\000l\000\040\000T\000r\000a\000n\000s\000f\000e\000r\000s}{}% 23
\BOOKMARK [2][-]{subsubsection.7.0.1}{\376\377\0007\000.\0000\000.\0001\000\040\000C\000o\000m\000p\000l\000e\000t\000e\000\040\000W\000o\000r\000k\000f\000l\000o\000w\000:\000\040\000F\000r\000o\000m\000\040\000L\000o\000a\000d\000i\000n\000g\000\040\000t\000o\000\040\000E\000x\000e\000c\000u\000t\000i\000o\000n}{section.7}% 24
\BOOKMARK [2][-]{subsection.7.1}{\376\377\0007\000.\0001\000\040\000P\000a\000u\000s\000e\000\040\000a\000n\000d\000\040\000S\000t\000o\000p}{section.7}% 25
\BOOKMARK [1][-]{section.8}{\376\377\0008\000\040\000R\000o\000l\000l\000i\000n\000g\000\040\000T\000r\000a\000n\000s\000f\000e\000r\000\040\000\050\000R\000T\000\051}{}% 26
\BOOKMARK [2][-]{subsection.8.1}{\376\377\0008\000.\0001\000\040\000W\000h\000a\000t\000\040\000i\000s\000\040\000R\000o\000l\000l\000i\000n\000g\000\040\000T\000r\000a\000n\000s\000f\000e\000r\000?}{section.8}% 27
\BOOKMARK [2][-]{subsection.8.2}{\376\377\0008\000.\0002\000\040\000H\000o\000w\000\040\000R\000T\000\040\000W\000o\000r\000k\000s}{section.8}% 28
\BOOKMARK [1][-]{section.9}{\376\377\0009\000\040\000F\000i\000l\000l\000\040\000A\000l\000l\000\040\000M\000o\000n\000t\000h\000s}{}% 29
\BOOKMARK [2][-]{subsection.9.1}{\376\377\0009\000.\0001\000\040\000W\000h\000a\000t\000\040\000i\000s\000\040\000F\000i\000l\000l\000\040\000A\000l\000l\000\040\000M\000o\000n\000t\000h\000s\000?}{section.9}% 30
\BOOKMARK [2][-]{subsection.9.2}{\376\377\0009\000.\0002\000\040\000H\000o\000w\000\040\000i\000t\000\040\000W\000o\000r\000k\000s}{section.9}% 31
\BOOKMARK [1][-]{section.10}{\376\377\0001\0000\000\040\000P\000a\000r\000a\000l\000l\000e\000l\000\040\000T\000r\000a\000n\000s\000f\000e\000r\000\040\000\050\000B\000a\000c\000k\000e\000n\000d\000\051}{}% 32
\BOOKMARK [2][-]{subsection.10.1}{\376\377\0001\0000\000.\0001\000\040\000O\000v\000e\000r\000v\000i\000e\000w}{section.10}% 33
\BOOKMARK [2][-]{subsection.10.2}{\376\377\0001\0000\000.\0002\000\040\000K\000e\000y\000\040\000D\000e\000s\000i\000g\000n\000\040\000P\000r\000i\000n\000c\000i\000p\000l\000e\000s}{section.10}% 34
\BOOKMARK [2][-]{subsection.10.3}{\376\377\0001\0000\000.\0003\000\040\000R\000o\000l\000l\000i\000n\000g\000\040\000V\000a\000l\000i\000d\000a\000t\000i\000o\000n\000\040\000R\000u\000l\000e\000s}{section.10}% 35
\BOOKMARK [1][-]{section.11}{\376\377\0001\0001\000\040\000C\000r\000e\000a\000t\000e\000\040\000M\000o\000n\000t\000h\000\040\000F\000i\000l\000e}{}% 36
\BOOKMARK [2][-]{subsection.11.1}{\376\377\0001\0001\000.\0001\000\040\000H\000o\000w\000\040\000i\000t\000\040\000W\000o\000r\000k\000s}{section.11}% 37
\BOOKMARK [1][-]{section.12}{\376\377\0001\0002\000\040\000I\000n\000d\000i\000v\000i\000d\000u\000a\000l\000\040\000C\000e\000l\000l\000\040\000S\000e\000l\000e\000c\000t\000o\000r}{}% 38
\BOOKMARK [1][-]{section.13}{\376\377\0001\0003\000\040\000D\000a\000t\000a\000\040\000F\000l\000o\000w\000\040\000R\000e\000f\000e\000r\000e\000n\000c\000e}{}% 39
\BOOKMARK [2][-]{subsection.13.1}{\376\377\0001\0003\000.\0001\000\040\000T\000r\000a\000f\000f\000i\000c\000\040\000M\000o\000t\000t\000\040\000Y\000T\000D\000\040\000F\000l\000o\000w}{section.13}% 40
\BOOKMARK [2][-]{subsection.13.2}{\376\377\0001\0003\000.\0002\000\040\000T\000r\000a\000n\000s\000f\000e\000r\000\040\000E\000x\000e\000c\000u\000t\000i\000o\000n\000\040\000O\000r\000d\000e\000r}{section.13}% 41
\BOOKMARK [1][-]{section.14}{\376\377\0001\0004\000\040\000T\000r\000o\000u\000b\000l\000e\000s\000h\000o\000o\000t\000i\000n\000g}{}% 42
\BOOKMARK [2][-]{subsection.14.1}{\376\377\0001\0004\000.\0001\000\040\000`\000`\000n\000o\000t\000\040\000a\000\040\000z\000i\000p\000\040\000f\000i\000l\000e\000'\000'\000\040\000E\000r\000r\000o\000r}{section.14}% 43
\BOOKMARK [2][-]{subsection.14.2}{\376\377\0001\0004\000.\0002\000\040\0000\000\040\000C\000e\000l\000l\000s\000\040\000T\000r\000a\000n\000s\000f\000e\000r\000r\000e\000d}{section.14}% 44
\BOOKMARK [2][-]{subsection.14.3}{\376\377\0001\0004\000.\0003\000\040\000S\000t\000a\000c\000k\000\040\000O\000v\000e\000r\000f\000l\000o\000w\000\040\000/\000\040\000C\000r\000a\000s\000h\000\040\000o\000n\000\040\000E\000x\000e\000c\000u\000t\000e\000\040\000A\000l\000l}{section.14}% 45
\BOOKMARK [2][-]{subsection.14.4}{\376\377\0001\0004\000.\0004\000\040\000F\000i\000l\000l\000\040\000A\000l\000l\000\040\000M\000o\000n\000t\000h\000s\000\040\000W\000r\000i\000t\000e\000s\000\040\000t\000o\000\040\000W\000r\000o\000n\000g\000\040\000F\000o\000l\000d\000e\000r}{section.14}% 46
\BOOKMARK [2][-]{subsection.14.5}{\376\377\0001\0004\000.\0005\000\040\000P\000a\000r\000a\000l\000l\000e\000l\000\040\000T\000r\000a\000n\000s\000f\000e\000r\000\040\000N\000o\000t\000\040\000V\000i\000s\000i\000b\000l\000e\000\040\000i\000n\000\040\000U\000I}{section.14}% 47
\BOOKMARK [1][-]{section.15}{\376\377\0001\0005\000\040\000A\000p\000p\000e\000n\000d\000i\000x}{}% 48
\BOOKMARK [2][-]{subsection.15.1}{\376\377\0001\0005\000.\0001\000\040\000F\000i\000l\000e\000\040\000N\000a\000m\000i\000n\000g\000\040\000C\000o\000n\000v\000e\000n\000t\000i\000o\000n}{section.15}% 49
\BOOKMARK [2][-]{subsection.15.2}{\376\377\0001\0005\000.\0002\000\040\000J\000S\000O\000N\000\040\000M\000a\000p\000p\000i\000n\000g\000\040\000F\000i\000l\000e\000s}{section.15}% 50
\BOOKMARK [2][-]{subsection.15.3}{\376\377\0001\0005\000.\0003\000\040\000T\000e\000c\000h\000n\000i\000c\000a\000l\000\040\000A\000r\000c\000h\000i\000t\000e\000c\000t\000u\000r\000e}{section.15}% 51
\BOOKMARK [2][-]{subsection.15.4}{\376\377\0001\0005\000.\0004\000\040\000P\000e\000r\000f\000o\000r\000m\000a\000n\000c\000e\000\040\000C\000h\000a\000r\000a\000c\000t\000e\000r\000i\000s\000t\000i\000c\000s}{section.15}% 52
\BOOKMARK [2][-]{subsection.15.5}{\376\377\0001\0005\000.\0005\000\040\000H\000y\000b\000r\000i\000d\000\040\000T\000r\000a\000n\000s\000f\000e\000r\000\040\000T\000a\000b}{section.15}% 53
