\BOOKMARK [1][-]{section.1}{\376\377\0001\000\040\000O\000v\000e\000r\000v\000i\000e\000w}{}% 1
\BOOKMARK [1][-]{section.2}{\376\377\0002\000\040\000I\000n\000s\000t\000a\000l\000l\000a\000t\000i\000o\000n}{}% 2
\BOOKMARK [2][-]{subsection.2.1}{\376\377\0002\000.\0001\000\040\000S\000y\000s\000t\000e\000m\000\040\000R\000e\000q\000u\000i\000r\000e\000m\000e\000n\000t\000s}{section.2}% 3
\BOOKMARK [2][-]{subsection.2.2}{\376\377\0002\000.\0002\000\040\000S\000e\000t\000u\000p\000\040\000S\000t\000e\000p\000s}{section.2}% 4
\BOOKMARK [1][-]{section.3}{\376\377\0003\000\040\000Q\000u\000i\000c\000k\000\040\000S\000t\000a\000r\000t}{}% 5
\BOOKMARK [1][-]{section.4}{\376\377\0004\000\040\000L\000o\000a\000d\000i\000n\000g\000\040\000F\000i\000l\000e\000s}{}% 6
\BOOKMARK [2][-]{subsection.4.1}{\376\377\0004\000.\0001\000\040\000S\000e\000l\000e\000c\000t\000i\000n\000g\000\040\000P\000e\000r\000i\000o\000d\000s}{section.4}% 7
\BOOKMARK [2][-]{subsection.4.2}{\376\377\0004\000.\0002\000\040\000L\000o\000a\000d\000i\000n\000g\000\040\000W\000o\000r\000k\000b\000o\000o\000k\000s}{section.4}% 8
\BOOKMARK [1][-]{section.5}{\376\377\0005\000\040\000M\000a\000p\000p\000i\000n\000g\000\040\000C\000a\000r\000d\000s}{}% 9
\BOOKMARK [2][-]{subsection.5.1}{\376\377\0005\000.\0001\000\040\000W\000h\000a\000t\000\040\000i\000s\000\040\000a\000\040\000M\000a\000p\000p\000i\000n\000g\000\040\000C\000a\000r\000d\000?}{section.5}% 10
\BOOKMARK [2][-]{subsection.5.2}{\376\377\0005\000.\0002\000\040\000D\000a\000t\000a\000\040\000S\000o\000u\000r\000c\000e\000\040\000T\000y\000p\000e\000s}{section.5}% 11
\BOOKMARK [2][-]{subsection.5.3}{\376\377\0005\000.\0003\000\040\000E\000d\000i\000t\000i\000n\000g\000\040\000R\000o\000w\000\040\000M\000a\000p\000p\000i\000n\000g\000s}{section.5}% 12
\BOOKMARK [2][-]{subsection.5.4}{\376\377\0005\000.\0004\000\040\000S\000e\000l\000e\000c\000t\000\040\000A\000l\000l\000\040\000/\000\040\000D\000e\000s\000e\000l\000e\000c\000t\000\040\000A\000l\000l}{section.5}% 13
\BOOKMARK [1][-]{section.6}{\376\377\0006\000\040\000R\000o\000l\000l\000i\000n\000g\000\040\000T\000r\000a\000n\000s\000f\000e\000r\000\040\000\050\000R\000T\000\051}{}% 14
\BOOKMARK [2][-]{subsection.6.1}{\376\377\0006\000.\0001\000\040\000W\000h\000a\000t\000\040\000i\000s\000\040\000R\000o\000l\000l\000i\000n\000g\000\040\000T\000r\000a\000n\000s\000f\000e\000r\000?}{section.6}% 15
\BOOKMARK [2][-]{subsection.6.2}{\376\377\0006\000.\0002\000\040\000H\000o\000w\000\040\000R\000T\000\040\000W\000o\000r\000k\000s}{section.6}% 16
\BOOKMARK [1][-]{section.7}{\376\377\0007\000\040\000E\000x\000p\000o\000r\000t\000\040\000S\000e\000l\000e\000c\000t\000e\000d\000\040\000M\000o\000n\000t\000h\000s}{}% 17
\BOOKMARK [2][-]{subsection.7.1}{\376\377\0007\000.\0001\000\040\000H\000o\000w\000\040\000I\000t\000\040\000W\000o\000r\000k\000s}{section.7}% 18
\BOOKMARK [2][-]{subsection.7.2}{\376\377\0007\000.\0002\000\040\000R\000u\000n\000n\000i\000n\000g\000\040\000t\000h\000e\000\040\000E\000x\000p\000o\000r\000t}{section.7}% 19
\BOOKMARK [1][-]{section.8}{\376\377\0008\000\040\000E\000x\000e\000c\000u\000t\000e\000\040\000A\000l\000l\000\040\000T\000r\000a\000n\000s\000f\000e\000r\000s}{}% 20
\BOOKMARK [2][-]{subsection.8.1}{\376\377\0008\000.\0001\000\040\000R\000u\000n\000n\000i\000n\000g\000\040\000A\000l\000l\000\040\000T\000r\000a\000n\000s\000f\000e\000r\000s}{section.8}% 21
\BOOKMARK [2][-]{subsection.8.2}{\376\377\0008\000.\0002\000\040\000P\000a\000u\000s\000e\000\040\000a\000n\000d\000\040\000S\000t\000o\000p}{section.8}% 22
\BOOKMARK [2][-]{subsection.8.3}{\376\377\0008\000.\0003\000\040\000P\000e\000r\000f\000o\000r\000m\000a\000n\000c\000e\000\040\000O\000p\000t\000i\000m\000i\000z\000a\000t\000i\000o\000n\000s}{section.8}% 23
\BOOKMARK [1][-]{section.9}{\376\377\0009\000\040\000S\000a\000v\000i\000n\000g\000\040\000a\000n\000d\000\040\000F\000i\000n\000a\000l\000i\000z\000a\000t\000i\000o\000n}{}% 24
\BOOKMARK [1][-]{section.10}{\376\377\0001\0000\000\040\000T\000r\000o\000u\000b\000l\000e\000s\000h\000o\000o\000t\000i\000n\000g}{}% 25
\BOOKMARK [2][-]{subsection.10.1}{\376\377\0001\0000\000.\0001\000\040\000F\000i\000l\000e\000s\000\040\000N\000o\000t\000\040\000S\000a\000v\000i\000n\000g}{section.10}% 26
\BOOKMARK [2][-]{subsection.10.2}{\376\377\0001\0000\000.\0002\000\040\000E\000m\000p\000t\000y\000\040\000C\000e\000l\000l\000s\000\040\000A\000f\000t\000e\000r\000\040\000E\000x\000p\000o\000r\000t}{section.10}% 27
\BOOKMARK [2][-]{subsection.10.3}{\376\377\0001\0000\000.\0003\000\040\000S\000l\000o\000w\000\040\000L\000o\000a\000d\000i\000n\000g\000\040\000P\000e\000r\000f\000o\000r\000m\000a\000n\000c\000e}{section.10}% 28
\BOOKMARK [2][-]{subsection.10.4}{\376\377\0001\0000\000.\0004\000\040\000F\000i\000l\000e\000\040\000N\000o\000t\000\040\000F\000o\000u\000n\000d}{section.10}% 29
\BOOKMARK [2][-]{subsection.10.5}{\376\377\0001\0000\000.\0005\000\040\000M\000a\000p\000p\000i\000n\000g\000\040\000C\000a\000r\000d\000\040\000M\000i\000s\000s\000i\000n\000g}{section.10}% 30
\BOOKMARK [2][-]{subsection.10.6}{\376\377\0001\0000\000.\0006\000\040\000R\000T\000\040\000V\000a\000l\000i\000d\000a\000t\000i\000o\000n\000\040\000F\000a\000i\000l\000s}{section.10}% 31
\BOOKMARK [1][-]{section.11}{\376\377\0001\0001\000\040\000F\000r\000e\000q\000u\000e\000n\000t\000l\000y\000\040\000A\000s\000k\000e\000d\000\040\000Q\000u\000e\000s\000t\000i\000o\000n\000s}{}% 32
\BOOKMARK [1][-]{section.12}{\376\377\0001\0002\000\040\000A\000p\000p\000e\000n\000d\000i\000x}{}% 33
\BOOKMARK [2][-]{subsection.12.1}{\376\377\0001\0002\000.\0001\000\040\000F\000i\000l\000e\000\040\000N\000a\000m\000i\000n\000g\000\040\000C\000o\000n\000v\000e\000n\000t\000i\000o\000n}{section.12}% 34
\BOOKMARK [2][-]{subsection.12.2}{\376\377\0001\0002\000.\0002\000\040\000M\000a\000p\000p\000i\000n\000g\000\040\000J\000S\000O\000N\000\040\000S\000t\000r\000u\000c\000t\000u\000r\000e}{section.12}% 35
\BOOKMARK [3][-]{subsubsection.12.2.1}{\376\377\0001\0002\000.\0002\000.\0001\000\040\000S\000t\000a\000n\000d\000a\000r\000d\000\040\000M\000a\000p\000p\000i\000n\000g\000\040\000\050\000m\000a\000p\000p\000i\000n\000g\000s\000.\000j\000s\000o\000n\000\051}{subsection.12.2}% 36
\BOOKMARK [3][-]{subsubsection.12.2.2}{\376\377\0001\0002\000.\0002\000.\0002\000\040\000P\000A\000X\000\040\000M\000a\000p\000p\000i\000n\000g\000\040\000\050\000p\000a\000x\000.\000j\000s\000o\000n\000\051}{subsection.12.2}% 37
\BOOKMARK [3][-]{subsubsection.12.2.3}{\376\377\0001\0002\000.\0002\000.\0003\000\040\000S\000t\000a\000f\000f\000\040\000M\000a\000p\000p\000i\000n\000g\000\040\000\050\000s\000t\000a\000f\000f\000.\000j\000s\000o\000n\000\051}{subsection.12.2}% 38
\BOOKMARK [2][-]{subsection.12.3}{\376\377\0001\0002\000.\0003\000\040\000K\000e\000y\000b\000o\000a\000r\000d\000\040\000S\000h\000o\000r\000t\000c\000u\000t\000s}{section.12}% 39
\BOOKMARK [2][-]{subsection.12.4}{\376\377\0001\0002\000.\0004\000\040\000T\000e\000c\000h\000n\000i\000c\000a\000l\000\040\000A\000r\000c\000h\000i\000t\000e\000c\000t\000u\000r\000e}{section.12}% 40
\BOOKMARK [2][-]{subsection.12.5}{\376\377\0001\0002\000.\0005\000\040\000P\000e\000r\000f\000o\000r\000m\000a\000n\000c\000e\000\040\000C\000h\000a\000r\000a\000c\000t\000e\000r\000i\000s\000t\000i\000c\000s}{section.12}% 41
\BOOKMARK [2][-]{subsection.12.6}{\376\377\0001\0002\000.\0006\000\040\000S\000u\000p\000p\000o\000r\000t}{section.12}% 42
